<?xml version="1.0" encoding="UTF-8"?>
<!-- Generated by org.testng.reporters.JUnitReportReporter -->
<testsuite hostname="Dell-7010" failures="0" tests="1" name="testcases.T2_Runner" time="12.830" errors="0" timestamp="2021-12-04T22:24:11 EST" skipped="0">
  <testcase classname="testcases.T2_Runner" name="userlogin" time="12.830"/>
</testsuite> <!-- testcases.T2_Runner -->
