<?xml version="1.0" encoding="UTF-8"?>
<!-- Generated by org.testng.reporters.JUnitReportReporter -->
<testsuite hostname="Dell-7010" failures="0" tests="1" name="testcases.T3_Runner" time="9.972" errors="0" timestamp="2021-12-04T22:24:11 EST" skipped="0">
  <testcase classname="testcases.T3_Runner" name="userlogin" time="9.972"/>
</testsuite> <!-- testcases.T3_Runner -->
