<?xml version="1.0" encoding="UTF-8"?>
<!-- Generated by org.testng.reporters.JUnitReportReporter -->
<testsuite skipped="0" hostname="Dell-7010" name="testcases.T2_Runner" tests="1" failures="0" timestamp="2021-11-28T10:06:21 EST" time="7.991" errors="0">
  <testcase name="userlogin" time="7.991" classname="testcases.T2_Runner"/>
</testsuite> <!-- testcases.T2_Runner -->
