<?xml version="1.0" encoding="UTF-8"?>
<!-- Generated by org.testng.reporters.JUnitReportReporter -->
<testsuite skipped="0" hostname="Dell-7010" name="testcases.T3_Runner" tests="1" failures="0" timestamp="2021-11-28T10:06:21 EST" time="5.861" errors="0">
  <testcase name="userlogin" time="5.861" classname="testcases.T3_Runner"/>
</testsuite> <!-- testcases.T3_Runner -->
