<?xml version="1.0" encoding="UTF-8"?>
<!-- Generated by org.testng.reporters.JUnitReportReporter -->
<testsuite skipped="0" hostname="Dell-7010" name="testcases.T2_troubleshoot" tests="1" failures="0" timestamp="2021-11-27T12:46:03 EST" time="7.787" errors="0">
  <testcase name="userlogin" time="7.787" classname="testcases.T2_troubleshoot"/>
</testsuite> <!-- testcases.T2_troubleshoot -->
